{"C:\\Users\\Mahendiali\\Desktop\\I9\\Seed-Project\\nodejs-nest-seed\\src\\app.controller.ts": {"path":"C:\\Users\\Mahendiali\\Desktop\\I9\\Seed-Project\\nodejs-nest-seed\\src\\app.controller.ts","statementMap":{"0":{"start":{"line":1,"column":0},"end":{"line":1,"column":49}},"1":{"start":{"line":2,"column":0},"end":{"line":2,"column":43}},"2":{"start":{"line":3,"column":0},"end":{"line":3,"column":52}},"3":{"start":{"line":6,"column":7},"end":{"line":15,"column":null}},"4":{"start":{"line":7,"column":31},"end":{"line":7,"column":43}},"5":{"start":{"line":11,"column":4},"end":{"line":11,"column":60}},"6":{"start":{"line":12,"column":4},"end":{"line":12,"column":46}},"7":{"start":{"line":13,"column":4},"end":{"line":13,"column":38}},"8":{"start":{"line":9,"column":2},"end":{"line":14,"column":null}},"9":{"start":{"line":6,"column":13},"end":{"line":15,"column":null}},"10":{"start":{"line":6,"column":13},"end":{"line":6,"column":26}}},"fnMap":{"0":{"name":"(anonymous_2)","decl":{"start":{"line":7,"column":2},"end":{"line":7,"column":31}},"loc":{"start":{"line":7,"column":53},"end":{"line":7,"column":57}}},"1":{"name":"(anonymous_3)","decl":{"start":{"line":10,"column":2},"end":{"line":10,"column":10}},"loc":{"start":{"line":10,"column":10},"end":{"line":14,"column":3}}}},"branchMap":{},"s":{"0":1,"1":1,"2":1,"3":1,"4":1,"5":1,"6":1,"7":1,"8":1,"9":1,"10":1},"f":{"0":1,"1":1},"b":{}}
,"C:\\Users\\Mahendiali\\Desktop\\I9\\Seed-Project\\nodejs-nest-seed\\src\\app.service.ts": {"path":"C:\\Users\\Mahendiali\\Desktop\\I9\\Seed-Project\\nodejs-nest-seed\\src\\app.service.ts","statementMap":{"0":{"start":{"line":1,"column":0},"end":{"line":1,"column":44}},"1":{"start":{"line":4,"column":7},"end":{"line":8,"column":null}},"2":{"start":{"line":6,"column":4},"end":{"line":6,"column":26}},"3":{"start":{"line":4,"column":13},"end":{"line":8,"column":null}},"4":{"start":{"line":4,"column":13},"end":{"line":4,"column":23}}},"fnMap":{"0":{"name":"(anonymous_1)","decl":{"start":{"line":5,"column":2},"end":{"line":5,"column":10}},"loc":{"start":{"line":5,"column":10},"end":{"line":7,"column":3}}}},"branchMap":{},"s":{"0":1,"1":1,"2":1,"3":1,"4":1},"f":{"0":1},"b":{}}
,"C:\\Users\\Mahendiali\\Desktop\\I9\\Seed-Project\\nodejs-nest-seed\\src\\config\\app-logger.config.ts": {"path":"C:\\Users\\Mahendiali\\Desktop\\I9\\Seed-Project\\nodejs-nest-seed\\src\\config\\app-logger.config.ts","statementMap":{"0":{"start":{"line":1,"column":0},"end":{"line":1,"column":45}},"1":{"start":{"line":2,"column":0},"end":{"line":2,"column":35}},"2":{"start":{"line":3,"column":0},"end":{"line":3,"column":61}},"3":{"start":{"line":5,"column":25},"end":{"line":11,"column":2}},"4":{"start":{"line":6,"column":40},"end":{"line":6,"column":47}},"5":{"start":{"line":7,"column":2},"end":{"line":7,"column":23}},"6":{"start":{"line":8,"column":2},"end":{"line":8,"column":25}},"7":{"start":{"line":9,"column":2},"end":{"line":9,"column":27}},"8":{"start":{"line":10,"column":2},"end":{"line":10,"column":74}},"9":{"start":{"line":13,"column":15},"end":{"line":35,"column":2}},"10":{"start":{"line":37,"column":13},"end":{"line":37,"column":29}}},"fnMap":{"0":{"name":"(anonymous_0)","decl":{"start":{"line":5,"column":47},"end":{"line":5,"column":48}},"loc":{"start":{"line":5,"column":59},"end":{"line":11,"column":1}}}},"branchMap":{},"s":{"0":6,"1":6,"2":6,"3":6,"4":2,"5":2,"6":2,"7":2,"8":2,"9":6,"10":6},"f":{"0":2},"b":{}}
,"C:\\Users\\Mahendiali\\Desktop\\I9\\Seed-Project\\nodejs-nest-seed\\src\\constants\\auth.constants.ts": {"path":"C:\\Users\\Mahendiali\\Desktop\\I9\\Seed-Project\\nodejs-nest-seed\\src\\constants\\auth.constants.ts","statementMap":{"0":{"start":{"line":1,"column":13},"end":{"line":3,"column":2}},"1":{"start":{"line":5,"column":13},"end":{"line":8,"column":2}}},"fnMap":{},"branchMap":{},"s":{"0":5,"1":5},"f":{},"b":{}}
,"C:\\Users\\Mahendiali\\Desktop\\I9\\Seed-Project\\nodejs-nest-seed\\src\\decorators\\password-validator.decorator.ts": {"path":"C:\\Users\\Mahendiali\\Desktop\\I9\\Seed-Project\\nodejs-nest-seed\\src\\decorators\\password-validator.decorator.ts","statementMap":{"0":{"start":{"line":1,"column":0},"end":{"line":1,"column":143}},"1":{"start":{"line":2,"column":18},"end":{"line":2,"column":25}},"2":{"start":{"line":3,"column":18},"end":{"line":3,"column":25}},"3":{"start":{"line":4,"column":16},"end":{"line":4,"column":31}},"4":{"start":{"line":5,"column":16},"end":{"line":5,"column":23}},"5":{"start":{"line":8,"column":7},"end":{"line":21,"column":null}},"6":{"start":{"line":11,"column":4},"end":{"line":13,"column":null}},"7":{"start":{"line":12,"column":6},"end":{"line":12,"column":19}},"8":{"start":{"line":14,"column":4},"end":{"line":14,"column":16}},"9":{"start":{"line":19,"column":4},"end":{"line":19,"column":111}},"10":{"start":{"line":8,"column":13},"end":{"line":21,"column":null}},"11":{"start":{"line":8,"column":13},"end":{"line":8,"column":31}},"12":{"start":{"line":25,"column":2},"end":{"line":33,"column":4}},"13":{"start":{"line":26,"column":4},"end":{"line":32,"column":7}},"14":{"start":{"line":23,"column":0},"end":{"line":23,"column":16}}},"fnMap":{"0":{"name":"(anonymous_1)","decl":{"start":{"line":10,"column":2},"end":{"line":10,"column":10}},"loc":{"start":{"line":10,"column":54},"end":{"line":15,"column":3}}},"1":{"name":"(anonymous_2)","decl":{"start":{"line":18,"column":2},"end":{"line":18,"column":16}},"loc":{"start":{"line":18,"column":42},"end":{"line":20,"column":3}}},"2":{"name":"IsPassword","decl":{"start":{"line":23,"column":16},"end":{"line":23,"column":26}},"loc":{"start":{"line":23,"column":64},"end":{"line":34,"column":1}}},"3":{"name":"(anonymous_4)","decl":{"start":{"line":25,"column":9},"end":{"line":25,"column":19}},"loc":{"start":{"line":25,"column":55},"end":{"line":33,"column":3}}}},"branchMap":{"0":{"loc":{"start":{"line":11,"column":4},"end":{"line":13,"column":null}},"type":"if","locations":[{"start":{"line":11,"column":4},"end":{"line":13,"column":null}}]},"1":{"loc":{"start":{"line":11,"column":8},"end":{"line":11,"column":116}},"type":"binary-expr","locations":[{"start":{"line":11,"column":8},"end":{"line":11,"column":33}},{"start":{"line":11,"column":37},"end":{"line":11,"column":62}},{"start":{"line":11,"column":66},"end":{"line":11,"column":89}},{"start":{"line":11,"column":93},"end":{"line":11,"column":116}}]}},"s":{"0":3,"1":3,"2":3,"3":3,"4":3,"5":3,"6":0,"7":0,"8":0,"9":0,"10":3,"11":3,"12":6,"13":6,"14":3},"f":{"0":0,"1":0,"2":6,"3":6},"b":{"0":[0],"1":[0,0,0,0]}}
,"C:\\Users\\Mahendiali\\Desktop\\I9\\Seed-Project\\nodejs-nest-seed\\src\\dto\\message.dto.ts": {"path":"C:\\Users\\Mahendiali\\Desktop\\I9\\Seed-Project\\nodejs-nest-seed\\src\\dto\\message.dto.ts","statementMap":{"0":{"start":{"line":1,"column":0},"end":{"line":1,"column":46}},"1":{"start":{"line":11,"column":4},"end":{"line":11,"column":27}},"2":{"start":{"line":12,"column":4},"end":{"line":12,"column":21}},"3":{"start":{"line":4,"column":2},"end":{"line":5,"column":null}},"4":{"start":{"line":7,"column":2},"end":{"line":8,"column":null}},"5":{"start":{"line":3,"column":0},"end":{"line":3,"column":13}}},"fnMap":{"0":{"name":"(anonymous_2)","decl":{"start":{"line":10,"column":2},"end":{"line":10,"column":14}},"loc":{"start":{"line":10,"column":41},"end":{"line":13,"column":3}}}},"branchMap":{},"s":{"0":3,"1":0,"2":0,"3":3,"4":3,"5":3},"f":{"0":0},"b":{}}
,"C:\\Users\\Mahendiali\\Desktop\\I9\\Seed-Project\\nodejs-nest-seed\\src\\dto\\pager.dto.ts": {"path":"C:\\Users\\Mahendiali\\Desktop\\I9\\Seed-Project\\nodejs-nest-seed\\src\\dto\\pager.dto.ts","statementMap":{"0":{"start":{"line":1,"column":0},"end":{"line":1,"column":46}},"1":{"start":{"line":35,"column":4},"end":{"line":35,"column":33}},"2":{"start":{"line":36,"column":4},"end":{"line":36,"column":35}},"3":{"start":{"line":37,"column":4},"end":{"line":37,"column":23}},"4":{"start":{"line":38,"column":4},"end":{"line":38,"column":33}},"5":{"start":{"line":41,"column":4},"end":{"line":41,"column":52}},"6":{"start":{"line":43,"column":21},"end":{"line":43,"column":23}},"7":{"start":{"line":44,"column":4},"end":{"line":65,"column":null}},"8":{"start":{"line":46,"column":6},"end":{"line":46,"column":20}},"9":{"start":{"line":47,"column":6},"end":{"line":47,"column":32}},"10":{"start":{"line":50,"column":40},"end":{"line":50,"column":64}},"11":{"start":{"line":51,"column":39},"end":{"line":51,"column":66}},"12":{"start":{"line":52,"column":6},"end":{"line":64,"column":null}},"13":{"start":{"line":54,"column":8},"end":{"line":54,"column":22}},"14":{"start":{"line":55,"column":8},"end":{"line":55,"column":27}},"15":{"start":{"line":56,"column":13},"end":{"line":64,"column":null}},"16":{"start":{"line":58,"column":8},"end":{"line":58,"column":51}},"17":{"start":{"line":59,"column":8},"end":{"line":59,"column":34}},"18":{"start":{"line":62,"column":8},"end":{"line":62,"column":60}},"19":{"start":{"line":63,"column":8},"end":{"line":63,"column":57}},"20":{"start":{"line":67,"column":4},"end":{"line":67,"column":93}},"21":{"start":{"line":67,"column":78},"end":{"line":67,"column":91}},"22":{"start":{"line":4,"column":2},"end":{"line":5,"column":null}},"23":{"start":{"line":7,"column":2},"end":{"line":8,"column":null}},"24":{"start":{"line":10,"column":2},"end":{"line":11,"column":null}},"25":{"start":{"line":13,"column":2},"end":{"line":14,"column":null}},"26":{"start":{"line":16,"column":2},"end":{"line":17,"column":null}},"27":{"start":{"line":19,"column":2},"end":{"line":20,"column":null}},"28":{"start":{"line":22,"column":2},"end":{"line":23,"column":null}},"29":{"start":{"line":25,"column":2},"end":{"line":26,"column":null}},"30":{"start":{"line":28,"column":2},"end":{"line":32,"column":null}},"31":{"start":{"line":3,"column":0},"end":{"line":3,"column":13}},"32":{"start":{"line":71,"column":29},"end":{"line":73,"column":1}},"33":{"start":{"line":72,"column":2},"end":{"line":72,"column":28}},"34":{"start":{"line":71,"column":13},"end":{"line":71,"column":29}},"35":{"start":{"line":76,"column":2},"end":{"line":77,"column":null}},"36":{"start":{"line":79,"column":2},"end":{"line":80,"column":null}},"37":{"start":{"line":75,"column":0},"end":{"line":75,"column":13}}},"fnMap":{"0":{"name":"(anonymous_2)","decl":{"start":{"line":34,"column":2},"end":{"line":34,"column":14}},"loc":{"start":{"line":34,"column":88},"end":{"line":68,"column":3}}},"1":{"name":"(anonymous_3)","decl":{"start":{"line":67,"column":71},"end":{"line":67,"column":72}},"loc":{"start":{"line":67,"column":78},"end":{"line":67,"column":91}}},"2":{"name":"(anonymous_4)","decl":{"start":{"line":71,"column":29},"end":{"line":71,"column":39}},"loc":{"start":{"line":71,"column":50},"end":{"line":73,"column":1}}}},"branchMap":{"0":{"loc":{"start":{"line":44,"column":4},"end":{"line":65,"column":null}},"type":"if","locations":[{"start":{"line":44,"column":4},"end":{"line":65,"column":null}},{"start":{"line":48,"column":11},"end":{"line":65,"column":null}}]},"1":{"loc":{"start":{"line":52,"column":6},"end":{"line":64,"column":null}},"type":"if","locations":[{"start":{"line":52,"column":6},"end":{"line":64,"column":null}},{"start":{"line":56,"column":13},"end":{"line":64,"column":null}}]},"2":{"loc":{"start":{"line":56,"column":13},"end":{"line":64,"column":null}},"type":"if","locations":[{"start":{"line":56,"column":13},"end":{"line":64,"column":null}},{"start":{"line":60,"column":13},"end":{"line":64,"column":null}}]}},"s":{"0":3,"1":0,"2":0,"3":0,"4":0,"5":0,"6":0,"7":0,"8":0,"9":0,"10":0,"11":0,"12":0,"13":0,"14":0,"15":0,"16":0,"17":0,"18":0,"19":0,"20":0,"21":0,"22":3,"23":3,"24":3,"25":3,"26":3,"27":3,"28":3,"29":3,"30":3,"31":3,"32":3,"33":0,"34":3,"35":3,"36":3,"37":3},"f":{"0":0,"1":0,"2":0},"b":{"0":[0,0],"1":[0,0],"2":[0,0]}}
,"C:\\Users\\Mahendiali\\Desktop\\I9\\Seed-Project\\nodejs-nest-seed\\src\\dto\\request-meta.dto.ts": {"path":"C:\\Users\\Mahendiali\\Desktop\\I9\\Seed-Project\\nodejs-nest-seed\\src\\dto\\request-meta.dto.ts","statementMap":{"0":{"start":{"line":1,"column":0},"end":{"line":1,"column":13}}},"fnMap":{},"branchMap":{},"s":{"0":2},"f":{},"b":{}}
,"C:\\Users\\Mahendiali\\Desktop\\I9\\Seed-Project\\nodejs-nest-seed\\src\\exception\\seed.exception.ts": {"path":"C:\\Users\\Mahendiali\\Desktop\\I9\\Seed-Project\\nodejs-nest-seed\\src\\exception\\seed.exception.ts","statementMap":{"0":{"start":{"line":1,"column":0},"end":{"line":1,"column":59}},"1":{"start":{"line":5,"column":4},"end":{"line":5,"column":27}},"2":{"start":{"line":3,"column":0},"end":{"line":3,"column":13}}},"fnMap":{"0":{"name":"(anonymous_0)","decl":{"start":{"line":4,"column":2},"end":{"line":4,"column":14}},"loc":{"start":{"line":4,"column":49},"end":{"line":6,"column":3}}}},"branchMap":{},"s":{"0":5,"1":0,"2":5},"f":{"0":0},"b":{}}
,"C:\\Users\\Mahendiali\\Desktop\\I9\\Seed-Project\\nodejs-nest-seed\\src\\interceptors\\request-meta.service.ts": {"path":"C:\\Users\\Mahendiali\\Desktop\\I9\\Seed-Project\\nodejs-nest-seed\\src\\interceptors\\request-meta.service.ts","statementMap":{"0":{"start":{"line":2,"column":0},"end":{"line":2,"column":44}},"1":{"start":{"line":3,"column":12},"end":{"line":3,"column":35}},"2":{"start":{"line":4,"column":0},"end":{"line":4,"column":54}},"3":{"start":{"line":7,"column":7},"end":{"line":40,"column":null}},"4":{"start":{"line":10,"column":21},"end":{"line":10,"column":62}},"5":{"start":{"line":11,"column":15},"end":{"line":11,"column":117}},"6":{"start":{"line":12,"column":24},"end":{"line":12,"column":41}},"7":{"start":{"line":13,"column":4},"end":{"line":20,"column":null}},"8":{"start":{"line":14,"column":6},"end":{"line":14,"column":43}},"9":{"start":{"line":15,"column":32},"end":{"line":15,"column":55}},"10":{"start":{"line":16,"column":6},"end":{"line":16,"column":50}},"11":{"start":{"line":17,"column":6},"end":{"line":17,"column":50}},"12":{"start":{"line":18,"column":6},"end":{"line":18,"column":51}},"13":{"start":{"line":19,"column":6},"end":{"line":19,"column":53}},"14":{"start":{"line":21,"column":4},"end":{"line":21,"column":46}},"15":{"start":{"line":22,"column":4},"end":{"line":22,"column":50}},"16":{"start":{"line":23,"column":4},"end":{"line":23,"column":40}},"17":{"start":{"line":24,"column":4},"end":{"line":24,"column":58}},"18":{"start":{"line":25,"column":4},"end":{"line":25,"column":47}},"19":{"start":{"line":26,"column":4},"end":{"line":26,"column":38}},"20":{"start":{"line":27,"column":4},"end":{"line":27,"column":39}},"21":{"start":{"line":28,"column":4},"end":{"line":28,"column":23}},"22":{"start":{"line":33,"column":16},"end":{"line":33,"column":20}},"23":{"start":{"line":34,"column":14},"end":{"line":34,"column":25}},"24":{"start":{"line":35,"column":4},"end":{"line":37,"column":null}},"25":{"start":{"line":36,"column":6},"end":{"line":36,"column":40}},"26":{"start":{"line":38,"column":4},"end":{"line":38,"column":17}},"27":{"start":{"line":7,"column":13},"end":{"line":40,"column":null}},"28":{"start":{"line":7,"column":13},"end":{"line":7,"column":31}}},"fnMap":{"0":{"name":"(anonymous_1)","decl":{"start":{"line":9,"column":2},"end":{"line":9,"column":7}},"loc":{"start":{"line":9,"column":35},"end":{"line":29,"column":3}}},"1":{"name":"(anonymous_2)","decl":{"start":{"line":32,"column":2},"end":{"line":32,"column":7}},"loc":{"start":{"line":32,"column":38},"end":{"line":39,"column":3}}}},"branchMap":{"0":{"loc":{"start":{"line":11,"column":15},"end":{"line":11,"column":117}},"type":"binary-expr","locations":[{"start":{"line":11,"column":15},"end":{"line":11,"column":49}},{"start":{"line":11,"column":53},"end":{"line":11,"column":85}},{"start":{"line":11,"column":89},"end":{"line":11,"column":117}}]},"1":{"loc":{"start":{"line":13,"column":4},"end":{"line":20,"column":null}},"type":"if","locations":[{"start":{"line":13,"column":4},"end":{"line":20,"column":null}}]},"2":{"loc":{"start":{"line":13,"column":8},"end":{"line":13,"column":43}},"type":"binary-expr","locations":[{"start":{"line":13,"column":8},"end":{"line":13,"column":13}},{"start":{"line":13,"column":17},"end":{"line":13,"column":43}}]},"3":{"loc":{"start":{"line":35,"column":4},"end":{"line":37,"column":null}},"type":"if","locations":[{"start":{"line":35,"column":4},"end":{"line":37,"column":null}}]},"4":{"loc":{"start":{"line":35,"column":8},"end":{"line":35,"column":16}},"type":"binary-expr","locations":[{"start":{"line":35,"column":8},"end":{"line":35,"column":11}},{"start":{"line":35,"column":15},"end":{"line":35,"column":16}}]}},"s":{"0":2,"1":2,"2":2,"3":2,"4":0,"5":0,"6":0,"7":0,"8":0,"9":0,"10":0,"11":0,"12":0,"13":0,"14":0,"15":0,"16":0,"17":0,"18":0,"19":0,"20":0,"21":0,"22":0,"23":0,"24":0,"25":0,"26":0,"27":2,"28":2},"f":{"0":0,"1":0},"b":{"0":[0,0,0],"1":[0],"2":[0,0],"3":[0],"4":[0,0]}}
,"C:\\Users\\Mahendiali\\Desktop\\I9\\Seed-Project\\nodejs-nest-seed\\src\\modules\\auth\\auth-config.ts": {"path":"C:\\Users\\Mahendiali\\Desktop\\I9\\Seed-Project\\nodejs-nest-seed\\src\\modules\\auth\\auth-config.ts","statementMap":{"0":{"start":{"line":1,"column":0},"end":{"line":1,"column":44}},"1":{"start":{"line":2,"column":0},"end":{"line":2,"column":47}},"2":{"start":{"line":4,"column":0},"end":{"line":4,"column":36}},"3":{"start":{"line":6,"column":7},"end":{"line":36,"column":null}},"4":{"start":{"line":13,"column":22},"end":{"line":13,"column":37}},"5":{"start":{"line":14,"column":4},"end":{"line":25,"column":6}},"6":{"start":{"line":29,"column":4},"end":{"line":34,"column":6}},"7":{"start":{"line":6,"column":13},"end":{"line":36,"column":null}},"8":{"start":{"line":6,"column":13},"end":{"line":6,"column":23}}},"fnMap":{"0":{"name":"(anonymous_2)","decl":{"start":{"line":13,"column":2},"end":{"line":13,"column":22}},"loc":{"start":{"line":13,"column":50},"end":{"line":26,"column":3}}},"1":{"name":"(anonymous_3)","decl":{"start":{"line":28,"column":2},"end":{"line":28,"column":18}},"loc":{"start":{"line":28,"column":18},"end":{"line":35,"column":3}}}},"branchMap":{},"s":{"0":4,"1":4,"2":4,"3":4,"4":1,"5":1,"6":0,"7":4,"8":4},"f":{"0":1,"1":0},"b":{}}
,"C:\\Users\\Mahendiali\\Desktop\\I9\\Seed-Project\\nodejs-nest-seed\\src\\modules\\auth\\auth.dto.ts": {"path":"C:\\Users\\Mahendiali\\Desktop\\I9\\Seed-Project\\nodejs-nest-seed\\src\\modules\\auth\\auth.dto.ts","statementMap":{"0":{"start":{"line":1,"column":0},"end":{"line":1,"column":67}},"1":{"start":{"line":4,"column":2},"end":{"line":5,"column":null}},"2":{"start":{"line":3,"column":0},"end":{"line":3,"column":13}},"3":{"start":{"line":9,"column":2},"end":{"line":10,"column":null}},"4":{"start":{"line":8,"column":0},"end":{"line":8,"column":13}},"5":{"start":{"line":14,"column":2},"end":{"line":15,"column":null}},"6":{"start":{"line":17,"column":2},"end":{"line":18,"column":null}},"7":{"start":{"line":20,"column":2},"end":{"line":21,"column":null}},"8":{"start":{"line":13,"column":0},"end":{"line":13,"column":13}},"9":{"start":{"line":24,"column":0},"end":{"line":24,"column":13}}},"fnMap":{},"branchMap":{},"s":{"0":2,"1":2,"2":2,"3":2,"4":2,"5":2,"6":2,"7":2,"8":2,"9":2},"f":{},"b":{}}
,"C:\\Users\\Mahendiali\\Desktop\\I9\\Seed-Project\\nodejs-nest-seed\\src\\modules\\auth\\auth.service.ts": {"path":"C:\\Users\\Mahendiali\\Desktop\\I9\\Seed-Project\\nodejs-nest-seed\\src\\modules\\auth\\auth.service.ts","statementMap":{"0":{"start":{"line":1,"column":0},"end":{"line":1,"column":67}},"1":{"start":{"line":2,"column":0},"end":{"line":2,"column":41}},"2":{"start":{"line":3,"column":0},"end":{"line":3,"column":33}},"3":{"start":{"line":5,"column":0},"end":{"line":5,"column":56}},"4":{"start":{"line":7,"column":0},"end":{"line":7,"column":77}},"5":{"start":{"line":11,"column":0},"end":{"line":11,"column":51}},"6":{"start":{"line":12,"column":0},"end":{"line":12,"column":43}},"7":{"start":{"line":13,"column":0},"end":{"line":13,"column":71}},"8":{"start":{"line":16,"column":7},"end":{"line":112,"column":null}},"9":{"start":{"line":18,"column":12},"end":{"line":18,"column":25}},"10":{"start":{"line":19,"column":12},"end":{"line":19,"column":24}},"11":{"start":{"line":20,"column":12},"end":{"line":20,"column":24}},"12":{"start":{"line":21,"column":21},"end":{"line":21,"column":41}},"13":{"start":{"line":25,"column":23},"end":{"line":25,"column":68}},"14":{"start":{"line":26,"column":4},"end":{"line":28,"column":null}},"15":{"start":{"line":27,"column":6},"end":{"line":27,"column":18}},"16":{"start":{"line":29,"column":4},"end":{"line":29,"column":16}},"17":{"start":{"line":33,"column":24},"end":{"line":33,"column":70}},"18":{"start":{"line":34,"column":33},"end":{"line":34,"column":85}},"19":{"start":{"line":35,"column":16},"end":{"line":35,"column":66}},"20":{"start":{"line":37,"column":31},"end":{"line":44,"column":6}},"21":{"start":{"line":46,"column":45},"end":{"line":46,"column":66}},"22":{"start":{"line":48,"column":4},"end":{"line":48,"column":69}},"23":{"start":{"line":49,"column":4},"end":{"line":49,"column":44}},"24":{"start":{"line":50,"column":4},"end":{"line":50,"column":53}},"25":{"start":{"line":51,"column":4},"end":{"line":51,"column":27}},"26":{"start":{"line":55,"column":33},"end":{"line":55,"column":80}},"27":{"start":{"line":56,"column":42},"end":{"line":56,"column":95}},"28":{"start":{"line":58,"column":27},"end":{"line":62,"column":6}},"29":{"start":{"line":64,"column":45},"end":{"line":64,"column":66}},"30":{"start":{"line":66,"column":4},"end":{"line":66,"column":65}},"31":{"start":{"line":67,"column":4},"end":{"line":67,"column":45}},"32":{"start":{"line":68,"column":4},"end":{"line":68,"column":54}},"33":{"start":{"line":69,"column":4},"end":{"line":69,"column":27}},"34":{"start":{"line":73,"column":32},"end":{"line":73,"column":46}},"35":{"start":{"line":74,"column":23},"end":{"line":74,"column":63}},"36":{"start":{"line":75,"column":4},"end":{"line":75,"column":45}},"37":{"start":{"line":76,"column":4},"end":{"line":78,"column":null}},"38":{"start":{"line":77,"column":6},"end":{"line":77,"column":40}},"39":{"start":{"line":80,"column":31},"end":{"line":80,"column":45}},"40":{"start":{"line":82,"column":4},"end":{"line":82,"column":64}},"41":{"start":{"line":83,"column":4},"end":{"line":83,"column":66}},"42":{"start":{"line":85,"column":4},"end":{"line":85,"column":20}},"43":{"start":{"line":89,"column":4},"end":{"line":89,"column":54}},"44":{"start":{"line":93,"column":32},"end":{"line":93,"column":61}},"45":{"start":{"line":94,"column":29},"end":{"line":94,"column":94}},"46":{"start":{"line":96,"column":4},"end":{"line":98,"column":null}},"47":{"start":{"line":97,"column":6},"end":{"line":97,"column":40}},"48":{"start":{"line":100,"column":43},"end":{"line":100,"column":63}},"49":{"start":{"line":101,"column":4},"end":{"line":101,"column":84}},"50":{"start":{"line":102,"column":4},"end":{"line":102,"column":26}},"51":{"start":{"line":106,"column":37},"end":{"line":106,"column":90}},"52":{"start":{"line":107,"column":4},"end":{"line":109,"column":null}},"53":{"start":{"line":108,"column":6},"end":{"line":108,"column":55}},"54":{"start":{"line":110,"column":4},"end":{"line":110,"column":59}},"55":{"start":{"line":16,"column":13},"end":{"line":112,"column":null}},"56":{"start":{"line":16,"column":13},"end":{"line":16,"column":24}}},"fnMap":{"0":{"name":"(anonymous_2)","decl":{"start":{"line":17,"column":2},"end":{"line":17,"column":null}},"loc":{"start":{"line":21,"column":59},"end":{"line":22,"column":6}}},"1":{"name":"(anonymous_3)","decl":{"start":{"line":24,"column":2},"end":{"line":24,"column":7}},"loc":{"start":{"line":24,"column":48},"end":{"line":30,"column":3}}},"2":{"name":"(anonymous_4)","decl":{"start":{"line":32,"column":2},"end":{"line":32,"column":7}},"loc":{"start":{"line":32,"column":38},"end":{"line":52,"column":3}}},"3":{"name":"(anonymous_5)","decl":{"start":{"line":54,"column":2},"end":{"line":54,"column":7}},"loc":{"start":{"line":54,"column":39},"end":{"line":70,"column":3}}},"4":{"name":"(anonymous_6)","decl":{"start":{"line":72,"column":2},"end":{"line":72,"column":7}},"loc":{"start":{"line":72,"column":44},"end":{"line":86,"column":3}}},"5":{"name":"(anonymous_7)","decl":{"start":{"line":88,"column":2},"end":{"line":88,"column":8}},"loc":{"start":{"line":88,"column":37},"end":{"line":90,"column":3}}},"6":{"name":"(anonymous_8)","decl":{"start":{"line":92,"column":2},"end":{"line":92,"column":7}},"loc":{"start":{"line":92,"column":34},"end":{"line":103,"column":3}}},"7":{"name":"(anonymous_9)","decl":{"start":{"line":105,"column":2},"end":{"line":105,"column":7}},"loc":{"start":{"line":105,"column":68},"end":{"line":111,"column":3}}}},"branchMap":{"0":{"loc":{"start":{"line":26,"column":4},"end":{"line":28,"column":null}},"type":"if","locations":[{"start":{"line":26,"column":4},"end":{"line":28,"column":null}}]},"1":{"loc":{"start":{"line":26,"column":8},"end":{"line":26,"column":59}},"type":"binary-expr","locations":[{"start":{"line":26,"column":8},"end":{"line":26,"column":12}},{"start":{"line":26,"column":17},"end":{"line":26,"column":58}}]},"2":{"loc":{"start":{"line":76,"column":4},"end":{"line":78,"column":null}},"type":"if","locations":[{"start":{"line":76,"column":4},"end":{"line":78,"column":null}}]},"3":{"loc":{"start":{"line":96,"column":4},"end":{"line":98,"column":null}},"type":"if","locations":[{"start":{"line":96,"column":4},"end":{"line":98,"column":null}}]},"4":{"loc":{"start":{"line":96,"column":8},"end":{"line":96,"column":66}},"type":"binary-expr","locations":[{"start":{"line":96,"column":8},"end":{"line":96,"column":51}},{"start":{"line":96,"column":55},"end":{"line":96,"column":66}}]},"5":{"loc":{"start":{"line":107,"column":4},"end":{"line":109,"column":null}},"type":"if","locations":[{"start":{"line":107,"column":4},"end":{"line":109,"column":null}}]}},"s":{"0":2,"1":2,"2":2,"3":2,"4":2,"5":2,"6":2,"7":2,"8":2,"9":1,"10":1,"11":1,"12":1,"13":0,"14":0,"15":0,"16":0,"17":0,"18":0,"19":0,"20":0,"21":0,"22":0,"23":0,"24":0,"25":0,"26":0,"27":0,"28":0,"29":0,"30":0,"31":0,"32":0,"33":0,"34":0,"35":0,"36":0,"37":0,"38":0,"39":0,"40":0,"41":0,"42":0,"43":0,"44":0,"45":0,"46":0,"47":0,"48":0,"49":0,"50":0,"51":0,"52":0,"53":0,"54":0,"55":2,"56":2},"f":{"0":1,"1":0,"2":0,"3":0,"4":0,"5":0,"6":0,"7":0},"b":{"0":[0],"1":[0,0],"2":[0],"3":[0],"4":[0,0],"5":[0]}}
,"C:\\Users\\Mahendiali\\Desktop\\I9\\Seed-Project\\nodejs-nest-seed\\src\\modules\\auth\\jwt-auth.guard.ts": {"path":"C:\\Users\\Mahendiali\\Desktop\\I9\\Seed-Project\\nodejs-nest-seed\\src\\modules\\auth\\jwt-auth.guard.ts","statementMap":{"0":{"start":{"line":1,"column":0},"end":{"line":1,"column":44}},"1":{"start":{"line":2,"column":0},"end":{"line":2,"column":45}},"2":{"start":{"line":3,"column":0},"end":{"line":3,"column":68}},"3":{"start":{"line":6,"column":7},"end":{"line":6,"column":null}},"4":{"start":{"line":6,"column":13},"end":{"line":6,"column":null}},"5":{"start":{"line":6,"column":13},"end":{"line":6,"column":25}}},"fnMap":{},"branchMap":{},"s":{"0":1,"1":1,"2":1,"3":1,"4":1,"5":1},"f":{},"b":{}}
,"C:\\Users\\Mahendiali\\Desktop\\I9\\Seed-Project\\nodejs-nest-seed\\src\\modules\\auth\\jwt-strategy.ts": {"path":"C:\\Users\\Mahendiali\\Desktop\\I9\\Seed-Project\\nodejs-nest-seed\\src\\modules\\auth\\jwt-strategy.ts","statementMap":{"0":{"start":{"line":1,"column":0},"end":{"line":1,"column":67}},"1":{"start":{"line":2,"column":0},"end":{"line":2,"column":52}},"2":{"start":{"line":3,"column":0},"end":{"line":3,"column":52}},"3":{"start":{"line":4,"column":0},"end":{"line":4,"column":68}},"4":{"start":{"line":5,"column":0},"end":{"line":5,"column":43}},"5":{"start":{"line":8,"column":7},"end":{"line":24,"column":null}},"6":{"start":{"line":10,"column":4},"end":{"line":14,"column":7}},"7":{"start":{"line":9,"column":31},"end":{"line":9,"column":43}},"8":{"start":{"line":19,"column":4},"end":{"line":21,"column":null}},"9":{"start":{"line":20,"column":6},"end":{"line":20,"column":91}},"10":{"start":{"line":22,"column":4},"end":{"line":22,"column":78}},"11":{"start":{"line":8,"column":13},"end":{"line":24,"column":null}},"12":{"start":{"line":8,"column":13},"end":{"line":8,"column":24}}},"fnMap":{"0":{"name":"(anonymous_2)","decl":{"start":{"line":9,"column":2},"end":{"line":9,"column":31}},"loc":{"start":{"line":9,"column":53},"end":{"line":15,"column":3}}},"1":{"name":"(anonymous_3)","decl":{"start":{"line":18,"column":2},"end":{"line":18,"column":7}},"loc":{"start":{"line":18,"column":29},"end":{"line":23,"column":3}}}},"branchMap":{"0":{"loc":{"start":{"line":19,"column":4},"end":{"line":21,"column":null}},"type":"if","locations":[{"start":{"line":19,"column":4},"end":{"line":21,"column":null}}]}},"s":{"0":1,"1":1,"2":1,"3":1,"4":1,"5":1,"6":1,"7":1,"8":0,"9":0,"10":0,"11":1,"12":1},"f":{"0":1,"1":0},"b":{"0":[0]}}
,"C:\\Users\\Mahendiali\\Desktop\\I9\\Seed-Project\\nodejs-nest-seed\\src\\modules\\auth\\roles.guard.ts": {"path":"C:\\Users\\Mahendiali\\Desktop\\I9\\Seed-Project\\nodejs-nest-seed\\src\\modules\\auth\\roles.guard.ts","statementMap":{"0":{"start":{"line":1,"column":0},"end":{"line":1,"column":75}},"1":{"start":{"line":2,"column":0},"end":{"line":2,"column":41}},"2":{"start":{"line":6,"column":7},"end":{"line":30,"column":null}},"3":{"start":{"line":7,"column":22},"end":{"line":7,"column":33}},"4":{"start":{"line":10,"column":18},"end":{"line":10,"column":77}},"5":{"start":{"line":12,"column":4},"end":{"line":14,"column":null}},"6":{"start":{"line":13,"column":6},"end":{"line":13,"column":18}},"7":{"start":{"line":15,"column":20},"end":{"line":15,"column":55}},"8":{"start":{"line":16,"column":17},"end":{"line":16,"column":29}},"9":{"start":{"line":17,"column":4},"end":{"line":17,"column":46}},"10":{"start":{"line":22,"column":20},"end":{"line":22,"column":25}},"11":{"start":{"line":23,"column":33},"end":{"line":23,"column":54}},"12":{"start":{"line":24,"column":4},"end":{"line":26,"column":7}},"13":{"start":{"line":25,"column":6},"end":{"line":25,"column":51}},"14":{"start":{"line":25,"column":34},"end":{"line":25,"column":51}},"15":{"start":{"line":28,"column":4},"end":{"line":28,"column":21}},"16":{"start":{"line":6,"column":13},"end":{"line":30,"column":null}},"17":{"start":{"line":6,"column":13},"end":{"line":6,"column":23}}},"fnMap":{"0":{"name":"(anonymous_2)","decl":{"start":{"line":7,"column":2},"end":{"line":7,"column":22}},"loc":{"start":{"line":7,"column":42},"end":{"line":7,"column":46}}},"1":{"name":"(anonymous_3)","decl":{"start":{"line":9,"column":2},"end":{"line":9,"column":13}},"loc":{"start":{"line":9,"column":39},"end":{"line":18,"column":3}}},"2":{"name":"(anonymous_4)","decl":{"start":{"line":21,"column":2},"end":{"line":21,"column":12}},"loc":{"start":{"line":21,"column":54},"end":{"line":29,"column":3}}},"3":{"name":"(anonymous_5)","decl":{"start":{"line":24,"column":22},"end":{"line":24,"column":23}},"loc":{"start":{"line":24,"column":31},"end":{"line":26,"column":5}}}},"branchMap":{"0":{"loc":{"start":{"line":12,"column":4},"end":{"line":14,"column":null}},"type":"if","locations":[{"start":{"line":12,"column":4},"end":{"line":14,"column":null}}]},"1":{"loc":{"start":{"line":25,"column":6},"end":{"line":25,"column":51}},"type":"if","locations":[{"start":{"line":25,"column":6},"end":{"line":25,"column":51}}]}},"s":{"0":1,"1":1,"2":1,"3":1,"4":0,"5":0,"6":0,"7":0,"8":0,"9":0,"10":0,"11":0,"12":0,"13":0,"14":0,"15":0,"16":1,"17":1},"f":{"0":1,"1":0,"2":0,"3":0},"b":{"0":[0],"1":[0]}}
,"C:\\Users\\Mahendiali\\Desktop\\I9\\Seed-Project\\nodejs-nest-seed\\src\\modules\\auth\\app-auth\\app-auth.controller.ts": {"path":"C:\\Users\\Mahendiali\\Desktop\\I9\\Seed-Project\\nodejs-nest-seed\\src\\modules\\auth\\app-auth\\app-auth.controller.ts","statementMap":{"0":{"start":{"line":1,"column":0},"end":{"line":1,"column":88}},"1":{"start":{"line":2,"column":0},"end":{"line":2,"column":55}},"2":{"start":{"line":4,"column":0},"end":{"line":4,"column":80}},"3":{"start":{"line":5,"column":0},"end":{"line":5,"column":60}},"4":{"start":{"line":6,"column":0},"end":{"line":6,"column":84}},"5":{"start":{"line":7,"column":0},"end":{"line":7,"column":44}},"6":{"start":{"line":8,"column":0},"end":{"line":8,"column":89}},"7":{"start":{"line":9,"column":0},"end":{"line":9,"column":46}},"8":{"start":{"line":13,"column":7},"end":{"line":68,"column":null}},"9":{"start":{"line":14,"column":22},"end":{"line":14,"column":35}},"10":{"start":{"line":14,"column":65},"end":{"line":14,"column":77}},"11":{"start":{"line":14,"column":106},"end":{"line":14,"column":126}},"12":{"start":{"line":24,"column":29},"end":{"line":24,"column":62}},"13":{"start":{"line":25,"column":35},"end":{"line":25,"column":88}},"14":{"start":{"line":26,"column":29},"end":{"line":26,"column":77}},"15":{"start":{"line":28,"column":4},"end":{"line":31,"column":6}},"16":{"start":{"line":32,"column":4},"end":{"line":32,"column":61}},"17":{"start":{"line":34,"column":4},"end":{"line":34,"column":21}},"18":{"start":{"line":44,"column":4},"end":{"line":44,"column":40}},"19":{"start":{"line":55,"column":25},"end":{"line":55,"column":42}},"20":{"start":{"line":56,"column":4},"end":{"line":56,"column":55}},"21":{"start":{"line":66,"column":4},"end":{"line":66,"column":64}},"22":{"start":{"line":23,"column":8},"end":{"line":35,"column":null}},"23":{"start":{"line":37,"column":2},"end":{"line":45,"column":null}},"24":{"start":{"line":54,"column":8},"end":{"line":57,"column":null}},"25":{"start":{"line":65,"column":8},"end":{"line":67,"column":null}},"26":{"start":{"line":13,"column":13},"end":{"line":68,"column":null}},"27":{"start":{"line":13,"column":13},"end":{"line":13,"column":30}}},"fnMap":{"0":{"name":"(anonymous_4)","decl":{"start":{"line":14,"column":2},"end":{"line":14,"column":22}},"loc":{"start":{"line":14,"column":144},"end":{"line":14,"column":148}}},"1":{"name":"(anonymous_5)","decl":{"start":{"line":23,"column":2},"end":{"line":23,"column":7}},"loc":{"start":{"line":23,"column":63},"end":{"line":35,"column":3}}},"2":{"name":"(anonymous_6)","decl":{"start":{"line":43,"column":2},"end":{"line":43,"column":8}},"loc":{"start":{"line":43,"column":35},"end":{"line":45,"column":3}}},"3":{"name":"(anonymous_7)","decl":{"start":{"line":54,"column":2},"end":{"line":54,"column":7}},"loc":{"start":{"line":54,"column":50},"end":{"line":57,"column":3}}},"4":{"name":"(anonymous_8)","decl":{"start":{"line":65,"column":2},"end":{"line":65,"column":7}},"loc":{"start":{"line":65,"column":83},"end":{"line":67,"column":3}}}},"branchMap":{},"s":{"0":1,"1":1,"2":1,"3":1,"4":1,"5":1,"6":1,"7":1,"8":1,"9":1,"10":1,"11":1,"12":0,"13":0,"14":0,"15":0,"16":0,"17":0,"18":0,"19":0,"20":0,"21":0,"22":1,"23":1,"24":1,"25":1,"26":1,"27":1},"f":{"0":1,"1":0,"2":0,"3":0,"4":0},"b":{}}
,"C:\\Users\\Mahendiali\\Desktop\\I9\\Seed-Project\\nodejs-nest-seed\\src\\modules\\database\\typeorm-ex.decorator.ts": {"path":"C:\\Users\\Mahendiali\\Desktop\\I9\\Seed-Project\\nodejs-nest-seed\\src\\modules\\database\\typeorm-ex.decorator.ts","statementMap":{"0":{"start":{"line":1,"column":0},"end":{"line":1,"column":45}},"1":{"start":{"line":3,"column":13},"end":{"line":3,"column":75}},"2":{"start":{"line":7,"column":2},"end":{"line":7,"column":59}},"3":{"start":{"line":6,"column":0},"end":{"line":6,"column":16}}},"fnMap":{"0":{"name":"CustomRepository","decl":{"start":{"line":6,"column":16},"end":{"line":6,"column":32}},"loc":{"start":{"line":6,"column":49},"end":{"line":8,"column":1}}}},"branchMap":{},"s":{"0":5,"1":5,"2":8,"3":5},"f":{"0":8},"b":{}}
,"C:\\Users\\Mahendiali\\Desktop\\I9\\Seed-Project\\nodejs-nest-seed\\src\\modules\\database-audit\\audit.entity.ts": {"path":"C:\\Users\\Mahendiali\\Desktop\\I9\\Seed-Project\\nodejs-nest-seed\\src\\modules\\database-audit\\audit.entity.ts","statementMap":{"0":{"start":{"line":1,"column":0},"end":{"line":1,"column":69}},"1":{"start":{"line":4,"column":7},"end":{"line":10,"column":null}},"2":{"start":{"line":5,"column":2},"end":{"line":6,"column":null}},"3":{"start":{"line":8,"column":2},"end":{"line":9,"column":null}},"4":{"start":{"line":4,"column":22},"end":{"line":10,"column":null}},"5":{"start":{"line":4,"column":22},"end":{"line":4,"column":27}}},"fnMap":{},"branchMap":{},"s":{"0":5,"1":5,"2":5,"3":5,"4":5,"5":5},"f":{},"b":{}}
,"C:\\Users\\Mahendiali\\Desktop\\I9\\Seed-Project\\nodejs-nest-seed\\src\\modules\\role\\role.controller.ts": {"path":"C:\\Users\\Mahendiali\\Desktop\\I9\\Seed-Project\\nodejs-nest-seed\\src\\modules\\role\\role.controller.ts","statementMap":{"0":{"start":{"line":1,"column":0},"end":{"line":1,"column":73}},"1":{"start":{"line":2,"column":0},"end":{"line":2,"column":55}},"2":{"start":{"line":3,"column":0},"end":{"line":3,"column":52}},"3":{"start":{"line":4,"column":0},"end":{"line":4,"column":45}},"4":{"start":{"line":8,"column":7},"end":{"line":31,"column":null}},"5":{"start":{"line":9,"column":31},"end":{"line":9,"column":44}},"6":{"start":{"line":18,"column":4},"end":{"line":18,"column":54}},"7":{"start":{"line":29,"column":4},"end":{"line":29,"column":43}},"8":{"start":{"line":11,"column":2},"end":{"line":19,"column":null}},"9":{"start":{"line":21,"column":2},"end":{"line":30,"column":null}},"10":{"start":{"line":8,"column":13},"end":{"line":31,"column":null}},"11":{"start":{"line":8,"column":13},"end":{"line":8,"column":27}}},"fnMap":{"0":{"name":"(anonymous_4)","decl":{"start":{"line":9,"column":2},"end":{"line":9,"column":31}},"loc":{"start":{"line":9,"column":55},"end":{"line":9,"column":59}}},"1":{"name":"(anonymous_5)","decl":{"start":{"line":17,"column":2},"end":{"line":17,"column":12}},"loc":{"start":{"line":17,"column":49},"end":{"line":19,"column":3}}},"2":{"name":"(anonymous_6)","decl":{"start":{"line":28,"column":2},"end":{"line":28,"column":13}},"loc":{"start":{"line":28,"column":13},"end":{"line":30,"column":3}}}},"branchMap":{},"s":{"0":1,"1":1,"2":1,"3":1,"4":1,"5":2,"6":0,"7":0,"8":1,"9":1,"10":1,"11":1},"f":{"0":2,"1":0,"2":0},"b":{}}
,"C:\\Users\\Mahendiali\\Desktop\\I9\\Seed-Project\\nodejs-nest-seed\\src\\modules\\role\\role.dto.ts": {"path":"C:\\Users\\Mahendiali\\Desktop\\I9\\Seed-Project\\nodejs-nest-seed\\src\\modules\\role\\role.dto.ts","statementMap":{"0":{"start":{"line":1,"column":0},"end":{"line":1,"column":67}},"1":{"start":{"line":2,"column":0},"end":{"line":2,"column":45}},"2":{"start":{"line":5,"column":2},"end":{"line":6,"column":null}},"3":{"start":{"line":8,"column":2},"end":{"line":9,"column":null}},"4":{"start":{"line":4,"column":0},"end":{"line":4,"column":13}},"5":{"start":{"line":13,"column":2},"end":{"line":15,"column":null}},"6":{"start":{"line":12,"column":0},"end":{"line":12,"column":13}}},"fnMap":{},"branchMap":{},"s":{"0":5,"1":5,"2":5,"3":5,"4":5,"5":5,"6":5},"f":{},"b":{}}
,"C:\\Users\\Mahendiali\\Desktop\\I9\\Seed-Project\\nodejs-nest-seed\\src\\modules\\role\\role.entity.ts": {"path":"C:\\Users\\Mahendiali\\Desktop\\I9\\Seed-Project\\nodejs-nest-seed\\src\\modules\\role\\role.entity.ts","statementMap":{"0":{"start":{"line":1,"column":0},"end":{"line":1,"column":45}},"1":{"start":{"line":2,"column":0},"end":{"line":2,"column":65}},"2":{"start":{"line":3,"column":0},"end":{"line":3,"column":55}},"3":{"start":{"line":5,"column":7},"end":{"line":15,"column":null}},"4":{"start":{"line":6,"column":2},"end":{"line":7,"column":null}},"5":{"start":{"line":9,"column":2},"end":{"line":14,"column":null}},"6":{"start":{"line":5,"column":13},"end":{"line":15,"column":null}},"7":{"start":{"line":5,"column":13},"end":{"line":5,"column":17}}},"fnMap":{},"branchMap":{},"s":{"0":5,"1":5,"2":5,"3":5,"4":5,"5":5,"6":5,"7":5},"f":{},"b":{}}
,"C:\\Users\\Mahendiali\\Desktop\\I9\\Seed-Project\\nodejs-nest-seed\\src\\modules\\role\\role.repository.ts": {"path":"C:\\Users\\Mahendiali\\Desktop\\I9\\Seed-Project\\nodejs-nest-seed\\src\\modules\\role\\role.repository.ts","statementMap":{"0":{"start":{"line":1,"column":0},"end":{"line":1,"column":37}},"1":{"start":{"line":2,"column":0},"end":{"line":2,"column":68}},"2":{"start":{"line":3,"column":0},"end":{"line":3,"column":37}},"3":{"start":{"line":6,"column":7},"end":{"line":18,"column":null}},"4":{"start":{"line":8,"column":4},"end":{"line":8,"column":23}},"5":{"start":{"line":12,"column":4},"end":{"line":12,"column":55}},"6":{"start":{"line":16,"column":4},"end":{"line":16,"column":105}},"7":{"start":{"line":6,"column":13},"end":{"line":18,"column":null}},"8":{"start":{"line":6,"column":13},"end":{"line":6,"column":27}}},"fnMap":{"0":{"name":"(anonymous_1)","decl":{"start":{"line":7,"column":2},"end":{"line":7,"column":14}},"loc":{"start":{"line":7,"column":14},"end":{"line":9,"column":3}}},"1":{"name":"(anonymous_2)","decl":{"start":{"line":11,"column":2},"end":{"line":11,"column":12}},"loc":{"start":{"line":11,"column":29},"end":{"line":13,"column":3}}},"2":{"name":"(anonymous_3)","decl":{"start":{"line":15,"column":2},"end":{"line":15,"column":13}},"loc":{"start":{"line":15,"column":33},"end":{"line":17,"column":3}}}},"branchMap":{},"s":{"0":5,"1":5,"2":5,"3":5,"4":0,"5":0,"6":0,"7":5,"8":5},"f":{"0":0,"1":0,"2":0},"b":{}}
,"C:\\Users\\Mahendiali\\Desktop\\I9\\Seed-Project\\nodejs-nest-seed\\src\\modules\\role\\role.service.ts": {"path":"C:\\Users\\Mahendiali\\Desktop\\I9\\Seed-Project\\nodejs-nest-seed\\src\\modules\\role\\role.service.ts","statementMap":{"0":{"start":{"line":1,"column":0},"end":{"line":1,"column":56}},"1":{"start":{"line":2,"column":0},"end":{"line":2,"column":56}},"2":{"start":{"line":3,"column":0},"end":{"line":3,"column":63}},"3":{"start":{"line":4,"column":0},"end":{"line":4,"column":52}},"4":{"start":{"line":6,"column":0},"end":{"line":6,"column":51}},"5":{"start":{"line":9,"column":7},"end":{"line":48,"column":null}},"6":{"start":{"line":10,"column":31},"end":{"line":10,"column":47}},"7":{"start":{"line":13,"column":18},"end":{"line":13,"column":50}},"8":{"start":{"line":15,"column":32},"end":{"line":15,"column":34}},"9":{"start":{"line":17,"column":4},"end":{"line":22,"column":7}},"10":{"start":{"line":18,"column":22},"end":{"line":18,"column":35}},"11":{"start":{"line":19,"column":6},"end":{"line":19,"column":27}},"12":{"start":{"line":20,"column":6},"end":{"line":20,"column":31}},"13":{"start":{"line":21,"column":6},"end":{"line":21,"column":29}},"14":{"start":{"line":24,"column":4},"end":{"line":24,"column":20}},"15":{"start":{"line":28,"column":4},"end":{"line":28,"column":52}},"16":{"start":{"line":32,"column":4},"end":{"line":32,"column":54}},"17":{"start":{"line":36,"column":21},"end":{"line":36,"column":34}},"18":{"start":{"line":37,"column":4},"end":{"line":40,"column":null}},"19":{"start":{"line":38,"column":6},"end":{"line":38,"column":46}},"20":{"start":{"line":39,"column":6},"end":{"line":39,"column":74}},"21":{"start":{"line":42,"column":15},"end":{"line":42,"column":31}},"22":{"start":{"line":43,"column":4},"end":{"line":43,"column":48}},"23":{"start":{"line":44,"column":4},"end":{"line":44,"column":45}},"24":{"start":{"line":45,"column":19},"end":{"line":45,"column":23}},"25":{"start":{"line":46,"column":4},"end":{"line":46,"column":35}},"26":{"start":{"line":9,"column":13},"end":{"line":48,"column":null}},"27":{"start":{"line":9,"column":13},"end":{"line":9,"column":24}}},"fnMap":{"0":{"name":"(anonymous_2)","decl":{"start":{"line":10,"column":2},"end":{"line":10,"column":31}},"loc":{"start":{"line":10,"column":61},"end":{"line":10,"column":65}}},"1":{"name":"(anonymous_3)","decl":{"start":{"line":12,"column":2},"end":{"line":12,"column":7}},"loc":{"start":{"line":12,"column":20},"end":{"line":25,"column":3}}},"2":{"name":"(anonymous_4)","decl":{"start":{"line":17,"column":18},"end":{"line":17,"column":19}},"loc":{"start":{"line":17,"column":27},"end":{"line":22,"column":5}}},"3":{"name":"(anonymous_5)","decl":{"start":{"line":27,"column":2},"end":{"line":27,"column":12}},"loc":{"start":{"line":27,"column":29},"end":{"line":29,"column":3}}},"4":{"name":"(anonymous_6)","decl":{"start":{"line":31,"column":2},"end":{"line":31,"column":13}},"loc":{"start":{"line":31,"column":33},"end":{"line":33,"column":3}}},"5":{"name":"(anonymous_7)","decl":{"start":{"line":35,"column":2},"end":{"line":35,"column":7}},"loc":{"start":{"line":35,"column":47},"end":{"line":47,"column":3}}}},"branchMap":{"0":{"loc":{"start":{"line":37,"column":4},"end":{"line":40,"column":null}},"type":"if","locations":[{"start":{"line":37,"column":4},"end":{"line":40,"column":null}}]}},"s":{"0":5,"1":5,"2":5,"3":5,"4":5,"5":5,"6":3,"7":0,"8":0,"9":0,"10":0,"11":0,"12":0,"13":0,"14":0,"15":0,"16":0,"17":0,"18":0,"19":0,"20":0,"21":0,"22":0,"23":0,"24":0,"25":0,"26":5,"27":5},"f":{"0":3,"1":0,"2":0,"3":0,"4":0,"5":0},"b":{"0":[0]}}
,"C:\\Users\\Mahendiali\\Desktop\\I9\\Seed-Project\\nodejs-nest-seed\\src\\modules\\user\\credentials.dto.ts": {"path":"C:\\Users\\Mahendiali\\Desktop\\I9\\Seed-Project\\nodejs-nest-seed\\src\\modules\\user\\credentials.dto.ts","statementMap":{"0":{"start":{"line":1,"column":0},"end":{"line":1,"column":46}},"1":{"start":{"line":2,"column":0},"end":{"line":2,"column":45}},"2":{"start":{"line":5,"column":2},"end":{"line":7,"column":null}},"3":{"start":{"line":9,"column":2},"end":{"line":11,"column":null}},"4":{"start":{"line":4,"column":0},"end":{"line":4,"column":13}}},"fnMap":{},"branchMap":{},"s":{"0":1,"1":1,"2":1,"3":1,"4":1},"f":{},"b":{}}
,"C:\\Users\\Mahendiali\\Desktop\\I9\\Seed-Project\\nodejs-nest-seed\\src\\modules\\user\\user.dto.ts": {"path":"C:\\Users\\Mahendiali\\Desktop\\I9\\Seed-Project\\nodejs-nest-seed\\src\\modules\\user\\user.dto.ts","statementMap":{"0":{"start":{"line":1,"column":0},"end":{"line":1,"column":67}},"1":{"start":{"line":2,"column":0},"end":{"line":2,"column":85}},"2":{"start":{"line":3,"column":0},"end":{"line":3,"column":75}},"3":{"start":{"line":4,"column":0},"end":{"line":4,"column":44}},"4":{"start":{"line":8,"column":2},"end":{"line":17,"column":null}},"5":{"start":{"line":19,"column":2},"end":{"line":24,"column":null}},"6":{"start":{"line":26,"column":2},"end":{"line":28,"column":null}},"7":{"start":{"line":30,"column":2},"end":{"line":32,"column":null}},"8":{"start":{"line":7,"column":0},"end":{"line":7,"column":13}},"9":{"start":{"line":36,"column":2},"end":{"line":37,"column":null}},"10":{"start":{"line":39,"column":2},"end":{"line":40,"column":null}},"11":{"start":{"line":42,"column":2},"end":{"line":43,"column":null}},"12":{"start":{"line":45,"column":2},"end":{"line":46,"column":null}},"13":{"start":{"line":35,"column":0},"end":{"line":35,"column":13}},"14":{"start":{"line":50,"column":2},"end":{"line":51,"column":null}},"15":{"start":{"line":53,"column":2},"end":{"line":54,"column":null}},"16":{"start":{"line":49,"column":0},"end":{"line":49,"column":13}},"17":{"start":{"line":58,"column":2},"end":{"line":59,"column":null}},"18":{"start":{"line":61,"column":2},"end":{"line":62,"column":null}},"19":{"start":{"line":57,"column":0},"end":{"line":57,"column":13}},"20":{"start":{"line":66,"column":2},"end":{"line":67,"column":null}},"21":{"start":{"line":65,"column":0},"end":{"line":65,"column":13}},"22":{"start":{"line":71,"column":2},"end":{"line":72,"column":null}},"23":{"start":{"line":70,"column":0},"end":{"line":70,"column":13}},"24":{"start":{"line":76,"column":2},"end":{"line":77,"column":null}},"25":{"start":{"line":79,"column":2},"end":{"line":80,"column":null}},"26":{"start":{"line":82,"column":2},"end":{"line":86,"column":null}},"27":{"start":{"line":75,"column":0},"end":{"line":75,"column":13}},"28":{"start":{"line":90,"column":2},"end":{"line":91,"column":null}},"29":{"start":{"line":93,"column":2},"end":{"line":94,"column":null}},"30":{"start":{"line":89,"column":0},"end":{"line":89,"column":13}}},"fnMap":{},"branchMap":{},"s":{"0":3,"1":3,"2":3,"3":3,"4":3,"5":3,"6":3,"7":3,"8":3,"9":3,"10":3,"11":3,"12":3,"13":3,"14":3,"15":3,"16":3,"17":3,"18":3,"19":3,"20":3,"21":3,"22":3,"23":3,"24":3,"25":3,"26":3,"27":3,"28":3,"29":3,"30":3},"f":{},"b":{}}
,"C:\\Users\\Mahendiali\\Desktop\\I9\\Seed-Project\\nodejs-nest-seed\\src\\modules\\user\\user.entity.ts": {"path":"C:\\Users\\Mahendiali\\Desktop\\I9\\Seed-Project\\nodejs-nest-seed\\src\\modules\\user\\user.entity.ts","statementMap":{"0":{"start":{"line":1,"column":0},"end":{"line":1,"column":88}},"1":{"start":{"line":2,"column":0},"end":{"line":2,"column":55}},"2":{"start":{"line":3,"column":0},"end":{"line":3,"column":43}},"3":{"start":{"line":6,"column":7},"end":{"line":31,"column":null}},"4":{"start":{"line":7,"column":2},"end":{"line":8,"column":null}},"5":{"start":{"line":10,"column":2},"end":{"line":11,"column":null}},"6":{"start":{"line":13,"column":2},"end":{"line":17,"column":null}},"7":{"start":{"line":19,"column":2},"end":{"line":22,"column":null}},"8":{"start":{"line":24,"column":2},"end":{"line":30,"column":null}},"9":{"start":{"line":24,"column":20},"end":{"line":24,"column":24}},"10":{"start":{"line":6,"column":13},"end":{"line":31,"column":null}},"11":{"start":{"line":6,"column":13},"end":{"line":6,"column":17}}},"fnMap":{"0":{"name":"(anonymous_2)","decl":{"start":{"line":24,"column":14},"end":{"line":24,"column":17}},"loc":{"start":{"line":24,"column":20},"end":{"line":24,"column":24}}}},"branchMap":{},"s":{"0":3,"1":3,"2":3,"3":3,"4":3,"5":3,"6":3,"7":3,"8":3,"9":0,"10":3,"11":3},"f":{"0":0},"b":{}}
,"C:\\Users\\Mahendiali\\Desktop\\I9\\Seed-Project\\nodejs-nest-seed\\src\\modules\\user\\user.repository.ts": {"path":"C:\\Users\\Mahendiali\\Desktop\\I9\\Seed-Project\\nodejs-nest-seed\\src\\modules\\user\\user.repository.ts","statementMap":{"0":{"start":{"line":1,"column":0},"end":{"line":1,"column":37}},"1":{"start":{"line":2,"column":0},"end":{"line":2,"column":59}},"2":{"start":{"line":3,"column":0},"end":{"line":3,"column":68}},"3":{"start":{"line":4,"column":0},"end":{"line":4,"column":43}},"4":{"start":{"line":5,"column":0},"end":{"line":5,"column":54}},"5":{"start":{"line":6,"column":0},"end":{"line":6,"column":37}},"6":{"start":{"line":9,"column":7},"end":{"line":52,"column":null}},"7":{"start":{"line":11,"column":4},"end":{"line":13,"column":7}},"8":{"start":{"line":17,"column":23},"end":{"line":17,"column":41}},"9":{"start":{"line":18,"column":18},"end":{"line":25,"column":19}},"10":{"start":{"line":27,"column":35},"end":{"line":27,"column":37}},"11":{"start":{"line":28,"column":4},"end":{"line":30,"column":null}},"12":{"start":{"line":29,"column":6},"end":{"line":29,"column":29}},"13":{"start":{"line":31,"column":18},"end":{"line":31,"column":102}},"14":{"start":{"line":32,"column":51},"end":{"line":32,"column":72}},"15":{"start":{"line":33,"column":4},"end":{"line":33,"column":46}},"16":{"start":{"line":34,"column":4},"end":{"line":34,"column":40}},"17":{"start":{"line":36,"column":4},"end":{"line":36,"column":33}},"18":{"start":{"line":40,"column":4},"end":{"line":40,"column":140}},"19":{"start":{"line":44,"column":17},"end":{"line":49,"column":19}},"20":{"start":{"line":50,"column":4},"end":{"line":50,"column":16}},"21":{"start":{"line":9,"column":13},"end":{"line":52,"column":null}},"22":{"start":{"line":9,"column":13},"end":{"line":9,"column":27}}},"fnMap":{"0":{"name":"(anonymous_1)","decl":{"start":{"line":10,"column":2},"end":{"line":10,"column":7}},"loc":{"start":{"line":10,"column":37},"end":{"line":14,"column":3}}},"1":{"name":"(anonymous_2)","decl":{"start":{"line":16,"column":2},"end":{"line":16,"column":7}},"loc":{"start":{"line":16,"column":65},"end":{"line":37,"column":3}}},"2":{"name":"(anonymous_3)","decl":{"start":{"line":39,"column":2},"end":{"line":39,"column":20}},"loc":{"start":{"line":39,"column":59},"end":{"line":41,"column":3}}},"3":{"name":"(anonymous_4)","decl":{"start":{"line":43,"column":2},"end":{"line":43,"column":7}},"loc":{"start":{"line":43,"column":46},"end":{"line":51,"column":3}}}},"branchMap":{},"s":{"0":3,"1":3,"2":3,"3":3,"4":3,"5":3,"6":3,"7":0,"8":0,"9":0,"10":0,"11":0,"12":0,"13":0,"14":0,"15":0,"16":0,"17":0,"18":0,"19":0,"20":0,"21":3,"22":3},"f":{"0":0,"1":0,"2":0,"3":0},"b":{}}
,"C:\\Users\\Mahendiali\\Desktop\\I9\\Seed-Project\\nodejs-nest-seed\\src\\modules\\user\\user.service.ts": {"path":"C:\\Users\\Mahendiali\\Desktop\\I9\\Seed-Project\\nodejs-nest-seed\\src\\modules\\user\\user.service.ts","statementMap":{"0":{"start":{"line":1,"column":0},"end":{"line":1,"column":71}},"1":{"start":{"line":2,"column":0},"end":{"line":2,"column":33}},"2":{"start":{"line":3,"column":0},"end":{"line":3,"column":56}},"3":{"start":{"line":4,"column":0},"end":{"line":4,"column":65}},"4":{"start":{"line":5,"column":0},"end":{"line":5,"column":51}},"5":{"start":{"line":6,"column":0},"end":{"line":6,"column":67}},"6":{"start":{"line":7,"column":0},"end":{"line":7,"column":63}},"7":{"start":{"line":9,"column":0},"end":{"line":9,"column":51}},"8":{"start":{"line":10,"column":0},"end":{"line":10,"column":92}},"9":{"start":{"line":11,"column":0},"end":{"line":11,"column":37}},"10":{"start":{"line":12,"column":0},"end":{"line":12,"column":51}},"11":{"start":{"line":15,"column":7},"end":{"line":96,"column":null}},"12":{"start":{"line":16,"column":31},"end":{"line":16,"column":47}},"13":{"start":{"line":16,"column":80},"end":{"line":16,"column":93}},"14":{"start":{"line":19,"column":45},"end":{"line":19,"column":58}},"15":{"start":{"line":21,"column":4},"end":{"line":23,"column":null}},"16":{"start":{"line":22,"column":6},"end":{"line":22,"column":75}},"17":{"start":{"line":25,"column":33},"end":{"line":25,"column":74}},"18":{"start":{"line":27,"column":4},"end":{"line":29,"column":null}},"19":{"start":{"line":28,"column":6},"end":{"line":28,"column":87}},"20":{"start":{"line":30,"column":21},"end":{"line":30,"column":31}},"21":{"start":{"line":31,"column":4},"end":{"line":31,"column":23}},"22":{"start":{"line":32,"column":4},"end":{"line":32,"column":21}},"23":{"start":{"line":33,"column":4},"end":{"line":33,"column":47}},"24":{"start":{"line":34,"column":4},"end":{"line":34,"column":76}},"25":{"start":{"line":36,"column":4},"end":{"line":36,"column":48}},"26":{"start":{"line":37,"column":19},"end":{"line":37,"column":23}},"27":{"start":{"line":38,"column":4},"end":{"line":38,"column":42}},"28":{"start":{"line":42,"column":25},"end":{"line":42,"column":82}},"29":{"start":{"line":43,"column":32},"end":{"line":43,"column":34}},"30":{"start":{"line":45,"column":4},"end":{"line":47,"column":null}},"31":{"start":{"line":46,"column":6},"end":{"line":46,"column":71}},"32":{"start":{"line":48,"column":4},"end":{"line":50,"column":null}},"33":{"start":{"line":49,"column":6},"end":{"line":49,"column":26}},"34":{"start":{"line":51,"column":4},"end":{"line":51,"column":20}},"35":{"start":{"line":55,"column":23},"end":{"line":55,"column":77}},"36":{"start":{"line":56,"column":4},"end":{"line":56,"column":70}},"37":{"start":{"line":60,"column":4},"end":{"line":60,"column":54}},"38":{"start":{"line":64,"column":48},"end":{"line":64,"column":64}},"39":{"start":{"line":65,"column":23},"end":{"line":65,"column":56}},"40":{"start":{"line":66,"column":4},"end":{"line":68,"column":null}},"41":{"start":{"line":67,"column":6},"end":{"line":67,"column":69}},"42":{"start":{"line":70,"column":4},"end":{"line":72,"column":null}},"43":{"start":{"line":71,"column":6},"end":{"line":71,"column":84}},"44":{"start":{"line":74,"column":28},"end":{"line":74,"column":86}},"45":{"start":{"line":75,"column":4},"end":{"line":75,"column":73}},"46":{"start":{"line":77,"column":4},"end":{"line":77,"column":68}},"47":{"start":{"line":79,"column":28},"end":{"line":79,"column":75}},"48":{"start":{"line":80,"column":4},"end":{"line":80,"column":15}},"49":{"start":{"line":84,"column":18},"end":{"line":84,"column":50}},"50":{"start":{"line":85,"column":32},"end":{"line":85,"column":34}},"51":{"start":{"line":86,"column":4},"end":{"line":93,"column":7}},"52":{"start":{"line":87,"column":22},"end":{"line":87,"column":35}},"53":{"start":{"line":88,"column":6},"end":{"line":88,"column":27}},"54":{"start":{"line":89,"column":6},"end":{"line":89,"column":33}},"55":{"start":{"line":90,"column":6},"end":{"line":90,"column":39}},"56":{"start":{"line":91,"column":6},"end":{"line":91,"column":31}},"57":{"start":{"line":92,"column":6},"end":{"line":92,"column":29}},"58":{"start":{"line":94,"column":4},"end":{"line":94,"column":20}},"59":{"start":{"line":15,"column":13},"end":{"line":96,"column":null}},"60":{"start":{"line":15,"column":13},"end":{"line":15,"column":24}}},"fnMap":{"0":{"name":"(anonymous_2)","decl":{"start":{"line":16,"column":2},"end":{"line":16,"column":31}},"loc":{"start":{"line":16,"column":104},"end":{"line":16,"column":108}}},"1":{"name":"(anonymous_3)","decl":{"start":{"line":18,"column":2},"end":{"line":18,"column":7}},"loc":{"start":{"line":18,"column":47},"end":{"line":39,"column":3}}},"2":{"name":"(anonymous_4)","decl":{"start":{"line":41,"column":2},"end":{"line":41,"column":7}},"loc":{"start":{"line":41,"column":34},"end":{"line":52,"column":3}}},"3":{"name":"(anonymous_5)","decl":{"start":{"line":54,"column":2},"end":{"line":54,"column":7}},"loc":{"start":{"line":54,"column":48},"end":{"line":57,"column":3}}},"4":{"name":"(anonymous_6)","decl":{"start":{"line":59,"column":2},"end":{"line":59,"column":17}},"loc":{"start":{"line":59,"column":31},"end":{"line":61,"column":3}}},"5":{"name":"(anonymous_7)","decl":{"start":{"line":63,"column":2},"end":{"line":63,"column":7}},"loc":{"start":{"line":63,"column":66},"end":{"line":81,"column":3}}},"6":{"name":"(anonymous_8)","decl":{"start":{"line":83,"column":2},"end":{"line":83,"column":7}},"loc":{"start":{"line":83,"column":20},"end":{"line":95,"column":3}}},"7":{"name":"(anonymous_9)","decl":{"start":{"line":86,"column":18},"end":{"line":86,"column":23}},"loc":{"start":{"line":86,"column":33},"end":{"line":93,"column":5}}}},"branchMap":{"0":{"loc":{"start":{"line":21,"column":4},"end":{"line":23,"column":null}},"type":"if","locations":[{"start":{"line":21,"column":4},"end":{"line":23,"column":null}}]},"1":{"loc":{"start":{"line":27,"column":4},"end":{"line":29,"column":null}},"type":"if","locations":[{"start":{"line":27,"column":4},"end":{"line":29,"column":null}}]},"2":{"loc":{"start":{"line":45,"column":4},"end":{"line":47,"column":null}},"type":"if","locations":[{"start":{"line":45,"column":4},"end":{"line":47,"column":null}}]},"3":{"loc":{"start":{"line":66,"column":4},"end":{"line":68,"column":null}},"type":"if","locations":[{"start":{"line":66,"column":4},"end":{"line":68,"column":null}}]},"4":{"loc":{"start":{"line":70,"column":4},"end":{"line":72,"column":null}},"type":"if","locations":[{"start":{"line":70,"column":4},"end":{"line":72,"column":null}}]}},"s":{"0":3,"1":3,"2":3,"3":3,"4":3,"5":3,"6":3,"7":3,"8":3,"9":3,"10":3,"11":3,"12":4,"13":4,"14":3,"15":3,"16":1,"17":2,"18":2,"19":1,"20":1,"21":1,"22":1,"23":1,"24":1,"25":1,"26":1,"27":1,"28":0,"29":0,"30":0,"31":0,"32":0,"33":0,"34":0,"35":0,"36":0,"37":0,"38":0,"39":0,"40":0,"41":0,"42":0,"43":0,"44":0,"45":0,"46":0,"47":0,"48":0,"49":0,"50":0,"51":0,"52":0,"53":0,"54":0,"55":0,"56":0,"57":0,"58":0,"59":3,"60":3},"f":{"0":4,"1":3,"2":0,"3":0,"4":0,"5":0,"6":0,"7":0},"b":{"0":[1],"1":[1],"2":[0],"3":[0],"4":[0]}}
}
